==========================================
SLURM_CLUSTER_NAME = param-shivay
SLURM_ARRAY_JOB_ID = 
SLURM_ARRAY_TASK_ID = 
SLURM_ARRAY_TASK_COUNT = 
SLURM_ARRAY_TASK_MAX = 
SLURM_ARRAY_TASK_MIN = 
SLURM_JOB_ACCOUNT = comp_sci_engg
SLURM_JOB_ID = 1066319
SLURM_JOB_NAME = mfinder
SLURM_JOB_NODELIST = cn009
SLURM_JOB_USER = tirth.cse22.itbhu
SLURM_JOB_UID = 6018
SLURM_JOB_PARTITION = standard
SLURM_TASK_PID = 167545
SLURM_SUBMIT_DIR = /home/tirth.cse22.itbhu/mfinder_analysis
SLURM_CPUS_ON_NODE = 32
SLURM_NTASKS = 1
SLURM_TASK_PID = 167545
==========================================
Input Network file is lfr_directed_3_cleaned.txt
mfinder Version 1.20

Loading Network
	Reading Network file in <Source,Target,Weight> Format
Searching motifs size 3
Processing Real network...

 (Real network processing runtime was:    1.0 seconds.)
Processing Random networks
....................................................................................................
 Estimated run time left :     51 minutes.

....................................................................................................
 Estimated run time left :     45 minutes.

....................................................................................................
 Estimated run time left :     38 minutes.

....................................................................................................
 Estimated run time left :     32 minutes.

....................................................................................................
 Estimated run time left :     26 minutes.

....................................................................................................
 Estimated run time left :     21 minutes.

....................................................................................................
 Estimated run time left :     16 minutes.

....................................................................................................
 Estimated run time left :     11 minutes.

....................................................................................................
 Estimated run time left :      5 minutes.

....................................................................................................
 Estimated run time left :      0 seconds.


Calculating Results...

MOTIF FINDER RESULTS:

	Network name: lfr_directed_3_cleaned.txt
	Network type: Directed
	Num of Nodes: 704 Num of Edges: 10958
	Num of Nodes with edges: 704
	Maximal out degree (out-hub) : 39
	Maximal in degree (in-hub) : 40
	Roots num: 0 Leaves num: 0
	Single Edges num: 10935 Mutual Edges num: 0

	Motif size searched  3
	Total number of 3-node subgraphs : 339637
	Number of random networks generated : 1000
	Random networks generation method: Switches (with metropolis)

The following motifs were found:

Criteria taken : Pval < 0.010
                 Mfactor > 1.10
                 Uniqueness >= 4

MOTIF	NREAL	NRAND		NREAL	NREAL	UNIQ	CREAL
ID		STATS		ZSCORE	PVAL	VAL	[MILI]	
38	7275	4411.8+-64.7	44.28	0.000	151	21.42

0 1 1 
0 0 1 
0 0 0 

98	2448	1466.5+-37.0	26.54	0.000	152	7.21

0 1 0 
0 0 1 
1 0 0 



 (Application total runtime was:  54.13 minutes).

 (Real network processing runtime was:    1.0 seconds.)

 (Single Random network processing runtime was:    3.2 seconds.)

Output File lfr_directed_3_OUT.txt_OUT.txt was generated
